error: undefined: May-18-2024 17:49:21: Cannot read properties of undefined (reading 'findAll')
error: undefined: May-18-2024 17:50:09: Cannot read properties of undefined (reading 'findAll')
error: undefined: May-18-2024 17:50:22: Cannot read properties of undefined (reading 'findAll')
error: undefined: May-18-2024 17:50:49: Cannot read properties of undefined (reading 'findAll')
{"level":"error","name":"SequelizeDatabaseError","original":{"code":"42601","file":"scan.l","length":94,"line":"1180","name":"error","position":"375","routine":"scanner_yyerror","severity":"ERROR","sql":"SELECT \n                account.id AS user_account_id, \n                account.username, \n                account.user_role, \n                account.created_date, \n                account.updated_date, \n                account.created_by, \n                account.updated_by,\n                account.is_active, \n                account.email,\n                \n            FROM pms.ref_user_account AS account\n            WHERE account.username = 'user_ppk' \n            AND PGP_SYM_DECRYPT(account.password::bytea, 'Package2024!') = 'Password123' AND account.is_active = TRUE"},"parameters":{},"parent":{"code":"42601","file":"scan.l","length":94,"line":"1180","name":"error","position":"375","routine":"scanner_yyerror","severity":"ERROR","sql":"SELECT \n                account.id AS user_account_id, \n                account.username, \n                account.user_role, \n                account.created_date, \n                account.updated_date, \n                account.created_by, \n                account.updated_by,\n                account.is_active, \n                account.email,\n                \n            FROM pms.ref_user_account AS account\n            WHERE account.username = 'user_ppk' \n            AND PGP_SYM_DECRYPT(account.password::bytea, 'Package2024!') = 'Password123' AND account.is_active = TRUE"},"sql":"SELECT \n                account.id AS user_account_id, \n                account.username, \n                account.user_role, \n                account.created_date, \n                account.updated_date, \n                account.created_by, \n                account.updated_by,\n                account.is_active, \n                account.email,\n                \n            FROM pms.ref_user_account AS account\n            WHERE account.username = 'user_ppk' \n            AND PGP_SYM_DECRYPT(account.password::bytea, 'Package2024!') = 'Password123' AND account.is_active = TRUE"}
{"level":"error","name":"SequelizeDatabaseError","original":{"code":"42P01","file":"parse_relation.c","length":120,"line":"1363","name":"error","position":"379","routine":"parserOpenTable","severity":"ERROR","sql":"SELECT \n                account.id AS user_account_id, \n                account.username, \n                account.user_role, \n                account.created_date, \n                account.updated_date, \n                account.created_by, \n                account.updated_by,\n                account.is_active, \n                account.email\n                \n            FROM pms.ref_user_account AS account\n            WHERE account.username = 'user_ppk' \n            AND PGP_SYM_DECRYPT(account.password::bytea, 'Package2024!') = 'Password123' AND account.is_active = TRUE"},"parameters":{},"parent":{"code":"42P01","file":"parse_relation.c","length":120,"line":"1363","name":"error","position":"379","routine":"parserOpenTable","severity":"ERROR","sql":"SELECT \n                account.id AS user_account_id, \n                account.username, \n                account.user_role, \n                account.created_date, \n                account.updated_date, \n                account.created_by, \n                account.updated_by,\n                account.is_active, \n                account.email\n                \n            FROM pms.ref_user_account AS account\n            WHERE account.username = 'user_ppk' \n            AND PGP_SYM_DECRYPT(account.password::bytea, 'Package2024!') = 'Password123' AND account.is_active = TRUE"},"sql":"SELECT \n                account.id AS user_account_id, \n                account.username, \n                account.user_role, \n                account.created_date, \n                account.updated_date, \n                account.created_by, \n                account.updated_by,\n                account.is_active, \n                account.email\n                \n            FROM pms.ref_user_account AS account\n            WHERE account.username = 'user_ppk' \n            AND PGP_SYM_DECRYPT(account.password::bytea, 'Package2024!') = 'Password123' AND account.is_active = TRUE"}
error: undefined: May-18-2024 17:56:47: Cannot read properties of undefined (reading 'build')
error: undefined: May-18-2024 20:58:20: WHERE parameter "jwt_token" has invalid "undefined" value
error: undefined: May-19-2024 09:41:35: WHERE parameter "jwt_token" has invalid "undefined" value
error: undefined: May-19-2024 09:41:35: WHERE parameter "jwt_token" has invalid "undefined" value
error: undefined: May-19-2024 09:41:35: WHERE parameter "jwt_token" has invalid "undefined" value
error: undefined: May-19-2024 09:41:35: WHERE parameter "jwt_token" has invalid "undefined" value
error: undefined: May-19-2024 09:41:35: WHERE parameter "jwt_token" has invalid "undefined" value
error: undefined: May-19-2024 09:41:35: WHERE parameter "jwt_token" has invalid "undefined" value
error: undefined: May-19-2024 09:41:41: WHERE parameter "jwt_token" has invalid "undefined" value
error: undefined: May-19-2024 09:41:41: WHERE parameter "jwt_token" has invalid "undefined" value
error: undefined: May-19-2024 09:41:41: WHERE parameter "jwt_token" has invalid "undefined" value
error: undefined: May-19-2024 09:41:41: WHERE parameter "jwt_token" has invalid "undefined" value
error: undefined: May-19-2024 09:41:41: WHERE parameter "jwt_token" has invalid "undefined" value
error: undefined: May-19-2024 09:41:41: WHERE parameter "jwt_token" has invalid "undefined" value
error: undefined: May-28-2024 23:15:54: WHERE parameter "jwt_token" has invalid "undefined" value
error: undefined: May-28-2024 23:15:54: WHERE parameter "jwt_token" has invalid "undefined" value
error: undefined: May-28-2024 23:15:54: WHERE parameter "jwt_token" has invalid "undefined" value
error: undefined: May-28-2024 23:15:54: WHERE parameter "jwt_token" has invalid "undefined" value
error: undefined: May-28-2024 23:15:54: WHERE parameter "jwt_token" has invalid "undefined" value
error: undefined: May-28-2024 23:15:54: WHERE parameter "jwt_token" has invalid "undefined" value
error: undefined: May-28-2024 23:15:54: WHERE parameter "jwt_token" has invalid "undefined" value
error: undefined: May-28-2024 23:15:54: WHERE parameter "jwt_token" has invalid "undefined" value
